Removed Pin From Net: NetName=GND Pin=U3-8
Removed Member From Class: ClassName=balancingBridge Member=C4
Removed Member From Class: ClassName=Offset Member=C12
Removed Member From Class: ClassName=Amplifier Member=C14
Removed Member From Class: ClassName=Amplifier Member=C18
Removed Member From Class: ClassName=MicroController Member=C20
Removed Member From Class: ClassName=MicroController Member=J3
Added Pin To Net: NetName=NetC10_1 Pin=U3-8
Added Member To Class: ClassName=balancingBridge Member=Component C1 0.1uF
Added Member To Class: ClassName=Instrumentation amplifier Member=Component C3 0.1uF
Added Member To Class: ClassName=Instrumentation amplifier Member=Component C5 12065C474JAT2A
Added Member To Class: ClassName=Instrumentation amplifier Member=Component C7 0.1uF
Added Member To Class: ClassName=Amplifier Member=Component C9 0.1uF
Added Member To Class: ClassName=Amplifier Member=Component C10 12063C334MAT2A
Added Member To Class: ClassName=Amplifier Member=Component C11 0.1uF
Added Member To Class: ClassName=Amplifier Member=Component C13 12063C334MAT2A
Added Member To Class: ClassName=MicroController Member=Component C15 0.1uF
Added Member To Class: ClassName=MicroController Member=Component C16 CGA5L1X7R1C106K160AC
Added Member To Class: ClassName=MicroController Member=Component C17 0.1uF
Added Member To Class: ClassName=Offset Member=Component C22 0.1uF
Added Member To Class: ClassName=MicroController Member=Component J4 B4B-XH-A(LF)(SN)
Added Member To Class: ClassName=MicroController Member=Component J5 87914-0606
